2018-12-28 15:41:04  load
2018-12-28 20:23:53 abcdef load
2018-12-28 20:41:28 abcdef load
2018-12-28 20:42:07 abcdef load
2018-12-28 20:43:05 abcdef load
2018-12-28 20:44:30 abcdef load
2018-12-28 20:58:01 12345 load
2018-12-28 21:07:40 12345 load
2018-12-28 21:09:22 12345 load
2018-12-28 21:35:34 12345 load
2018-12-28 21:35:42 12345 was Register
2018-12-28 21:35:51 12345 load
2018-12-28 21:36:00 asd was Register
2018-12-28 21:36:07 asd load
2018-12-28 21:52:51 12345 load
2018-12-28 21:53:37 12345 load
2018-12-28 21:54:27 12345 load
2018-12-28 21:55:27 12345 load
2018-12-28 21:56:06 12345 load
2018-12-28 21:57:17 12345 load
2018-12-28 21:57:21 1 was Register
2018-12-29 13:26:52 1 load
2018-12-29 13:27:30 1 load
2018-12-29 13:28:12 1 load
2018-12-29 13:30:35 1 load
2018-12-29 13:31:02 1 load
2018-12-29 13:39:08 1 load
2018-12-29 13:39:36 1 load
2018-12-29 13:41:06 1 load
2018-12-29 14:02:59 1 load
2018-12-29 14:10:32 1 load
2018-12-29 14:11:08 1 load
2018-12-29 14:11:42 1 load
2018-12-29 14:14:58 1 load
2018-12-29 14:22:46 1 load
2018-12-29 14:24:35 1 load
2018-12-29 14:29:53 1 load
2018-12-29 14:29:58 1 was Register
2018-12-29 14:30:05 1 load
2018-12-29 14:38:45 1 load
2018-12-29 15:04:16 1 load
2018-12-29 15:08:18 1 load
2018-12-29 15:10:19 1 load
2018-12-29 15:11:00 1 load
2018-12-29 15:12:11 1 load
2018-12-29 15:17:14 1 load
2018-12-29 15:17:50 1 load
2018-12-29 15:18:10 1 load
2018-12-29 15:38:15 1 load
2018-12-29 15:38:32 11234144 was Register
2018-12-29 15:38:41 11234144 load
2018-12-29 15:45:39 1 load
2018-12-29 15:46:46 1 load
2018-12-29 15:48:35 1 load
2018-12-29 15:49:37 1 load
2018-12-29 16:17:03 1 load
2018-12-29 16:22:41 1 load
2018-12-29 16:23:09 1 load
2018-12-29 16:26:22 1 load
2018-12-29 16:26:58 1 load
2018-12-29 16:28:06 1 load
2018-12-29 16:32:42 1 load
2018-12-29 16:33:06 1 load
2018-12-29 16:33:43 1 load
2018-12-29 16:34:19 1 load
2018-12-29 16:35:17 1 load
2018-12-29 16:35:37 1 load
2018-12-29 16:36:00 1 load
2018-12-29 16:36:26 1 load
2018-12-29 16:36:45 1 load
2018-12-29 16:59:55 1 load
2018-12-29 17:01:30 1 load
2018-12-29 17:10:22 1 load
2018-12-29 17:10:40 1 change key
2018-12-29 17:12:47 1 load
2018-12-29 17:12:55 1 change key
2018-12-29 17:13:05 1 load
2018-12-29 17:13:12 1 change key
2018-12-29 21:18:21 1 load
2018-12-29 21:19:41 1 load
2018-12-29 21:22:36 1 load
2018-12-29 21:25:11 1 load
2018-12-29 21:27:13 1 load
2018-12-29 21:54:57 1 load
2018-12-29 21:55:54 1 load
2018-12-30 01:35:41 system start
2018-12-30 01:35:46 1 load
2018-12-30 01:36:01 1 add student 1 in file 5
2018-12-30 01:36:12 1  delete student 1 in file 5
2018-12-30 01:36:27 1 change school ID 12 into 34 in file 4
2018-12-30 01:41:35 system start
2018-12-30 01:41:39 1 load
2018-12-30 01:42:24 system start
2018-12-30 01:42:28 1 load
2018-12-30 01:44:11 1  delete student 12 in file 4
2018-12-30 01:44:17 1 add student 1 in file 4
2018-12-30 01:44:20 1  delete student 4 in file 1
2018-12-30 01:44:22 1  delete student 3 in file 2
2018-12-30 01:44:24 1  delete student 2 in file 3
2018-12-30 01:44:26 1  delete student 1 in file 4
2018-12-30 01:45:18 system kill
2018-12-30 01:49:23 system start
2018-12-30 01:49:27 system kill
2018-12-30 10:08:44 system start
2018-12-30 10:08:50 1 load
2018-12-30 10:09:07 1 add student 1 in file 1
2018-12-30 10:09:12 1 add student 2 in file 2
2018-12-30 10:09:19 1 add student 3 in file 3
2018-12-30 10:09:25 1 add student 4 in file 4
2018-12-30 10:09:31 1 add student 5 in file 5
2018-12-30 10:09:40 1  into 5 in file 5
2018-12-30 10:09:53 1 add student 6 in file 6
2018-12-30 10:09:58 1 add student 7 in file 7
2018-12-30 10:10:04 1 add student 8 in file 8
2018-12-30 10:10:09 1 add student 9 in file 9
2018-12-30 10:11:18 1 change key
2018-12-30 10:11:25 1 change key
2018-12-30 10:11:34 121312 was Register
2018-12-30 10:11:37 system kill
2018-12-30 12:54:06 system start
2018-12-30 12:54:51 12345 load
2018-12-30 12:58:33 system start
2018-12-30 12:58:43 12345 load
2018-12-30 12:59:20 system start
2018-12-30 12:59:27 12345 load
2018-12-30 13:00:25 12345 change class 2 into 1 in file 2
2018-12-30 13:00:34 12345 change class 3 into 1 in file 3
2018-12-30 13:00:41 12345 change ID 4 into 4 in file 4
2018-12-30 13:00:48 12345 change class 4 into 1 in file 4
2018-12-30 13:00:53 12345 change class 5 into 2 in file 5
2018-12-30 13:00:59 12345 change class 6 into 2 in file 6
2018-12-30 13:01:05 12345 change class 7 into 2 in file 7
2018-12-30 13:01:11 12345 change class 8 into 3 in file 8
2018-12-30 13:01:18 12345 change class 9 into 3 in file 9
2018-12-30 13:02:15 system start
2018-12-30 13:02:21 12345 load
2018-12-30 13:02:44 system kill
2018-12-30 13:03:22 system start
2018-12-30 13:03:27 12345 load
2018-12-30 13:03:38 12345 change class 1 into 1 in file 1
2018-12-30 13:03:55 12345 change class 2 into 1 in file 2
2018-12-30 13:04:02 12345 change ID 3 into 3 in file 3
2018-12-30 13:04:07 12345 change class 3 into 1 in file 3
2018-12-30 13:04:12 12345 change class 4 into 1 in file 4
2018-12-30 13:04:20 12345 change class 5 into 1 in file 5
2018-12-30 13:04:26 12345 change class 6 into 2 in file 6
2018-12-30 13:04:31 12345 change class 7 into 2 in file 7
2018-12-30 13:04:37 12345 change class 8 into 2 in file 8
2018-12-30 13:04:45 12345 change class 9 into 2 in file 9
2018-12-30 13:05:38 system start
2018-12-30 13:05:44 12345 load
2018-12-30 13:06:56 system kill
2018-12-30 13:16:37 system start
2018-12-30 13:16:42 12345 load
2018-12-30 14:48:07 system kill
2018-12-31 14:43:45 system start
2018-12-31 14:43:55 12345 load
2018-12-31 14:44:21 12345 add student 13 in file 10
2018-12-31 14:45:09 system kill
2018-12-31 16:52:27 system start
2018-12-31 16:52:33 12345 load
2018-12-31 16:53:28 system start
2018-12-31 16:53:39 12345 load
2018-12-31 16:54:08 system start
2018-12-31 16:54:14 12345 load
2018-12-31 16:56:16 system start
2018-12-31 16:56:20 12345 load
2018-12-31 16:56:54 system start
2018-12-31 16:56:59 12345 load
2018-12-31 16:58:07 system start
2018-12-31 16:58:13 12345 load
2018-12-31 16:58:34 12345 change name 1 into yds in file 1
2018-12-31 16:58:45 12345 change school ID 1 into 201838478 in file 1
2018-12-31 16:59:05 12345 change ID 1 into 1 in file 1
2018-12-31 16:59:48 system kill
2018-12-31 17:02:22 system start
2018-12-31 17:02:27 12345 load
2018-12-31 17:02:57 12345 change school ID 201838478 into 1234 in file 1
2018-12-31 17:03:01 12345 change school ID 1234 into 1 in file 1
2018-12-31 17:03:08 12345 change name yds into 1 in file 1
2018-12-31 17:03:13 12345 change ID 430182201119904423 into 1 in file 1
2018-12-31 17:03:22 system kill
2018-12-31 17:06:11 system start
2018-12-31 17:06:21 12345 load
2018-12-31 17:06:55 12345 change school ID 1 into 123443546 in file 1
2018-12-31 17:08:21 system start
2018-12-31 17:08:27 12345 load
2018-12-31 17:09:38 system start
2018-12-31 17:09:41 system kill
2018-12-31 17:12:59 system start
2018-12-31 17:13:09 12345 load
2018-12-31 17:13:21 12345 change school ID 123443546 into 1 in file 1
2018-12-31 17:13:27 12345 change school ID 1 into 12345678 in file 1
2018-12-31 17:16:30 system start
2018-12-31 17:16:58 system start
2018-12-31 17:17:04 12345 load
2018-12-31 17:24:57 system start
2018-12-31 17:25:02 12345 load
2018-12-31 17:25:41 12345 change ID 1 into 1 in file 1
2018-12-31 17:27:08 system start
2018-12-31 17:27:30 12345 load
2018-12-31 17:28:12 system start
2018-12-31 17:29:26 system start
2018-12-31 17:29:43 12345 load
2018-12-31 17:30:21 system start
2018-12-31 17:30:27 12345 load
2018-12-31 17:32:05 system start
2018-12-31 17:32:29 12345 load
2018-12-31 17:33:31 system start
2018-12-31 17:33:36 12345 load
2018-12-31 17:34:43 system start
2018-12-31 17:34:49 12345 load
2018-12-31 17:35:16 system start
2018-12-31 17:35:25 12345 load
2018-12-31 17:35:40 system start
2018-12-31 17:35:45 12345 load
2018-12-31 17:36:03 system start
2018-12-31 17:36:09 12345 load
2018-12-31 17:36:39 system start
2018-12-31 17:36:44 12345 load
2018-12-31 17:36:58 system start
2018-12-31 17:37:04 12345 load
2018-12-31 17:38:08 system start
2018-12-31 17:38:27 12345 load
2018-12-31 17:39:23 system start
2018-12-31 17:39:32 12345 load
2018-12-31 17:43:17 system start
2018-12-31 17:43:24 12345 load
2018-12-31 17:43:50 system start
2018-12-31 17:43:55 12345 load
2018-12-31 17:45:11 system start
2018-12-31 17:45:16 12345 load
2018-12-31 17:45:31 system start
2018-12-31 17:45:36 12345 load
2018-12-31 17:45:54 system start
2018-12-31 17:45:59 12345 load
2018-12-31 17:46:14 system start
2018-12-31 17:46:19 12345 load
2018-12-31 17:46:35 system start
2018-12-31 17:46:40 12345 load
2018-12-31 17:46:57 system start
2018-12-31 17:47:01 12345 load
2018-12-31 17:47:20 system start
2018-12-31 17:47:26 12345 load
2018-12-31 17:47:47 system start
2018-12-31 17:47:51 12345 load
2018-12-31 17:48:08 system start
2018-12-31 17:48:13 12345 load
2018-12-31 17:48:30 system start
2018-12-31 17:48:35 12345 load
2018-12-31 23:55:20 system start
2018-12-31 23:55:28 12345 load
2018-12-31 23:55:48 12345 add student 2018 in file 11
2018-12-31 23:55:58 12345 add student 000 in file 12
2018-12-31 23:56:02 12345 add student 0 in file 13
2018-12-31 23:56:13 12345  delete student 000 in file 12
2018-12-31 23:56:16 12345  delete student 0 in file 13
2018-12-31 23:56:27 system kill
