2019-01-01 00:00:01 system start
2019-01-01 00:02:02 system kill
2019-01-02 10:49:37 system start
2019-01-02 10:49:44 12345 load
2019-01-02 10:50:11 system start
2019-01-02 10:50:20 12345 load
2019-01-02 10:50:36 system kill
2019-01-02 10:51:25 system start
2019-01-02 10:51:31 12345 load
2019-01-02 10:51:49 system kill
2019-01-02 10:52:00 system start
2019-01-02 10:52:06 12345 load
2019-01-02 10:52:30 system start
2019-01-02 10:52:37 12345 load
2019-01-02 10:53:15 system start
2019-01-02 10:53:22 12345 load
2019-01-02 10:53:39 system start
2019-01-02 10:53:44 12345 load
2019-01-02 10:55:15 system start
2019-01-02 10:55:20 12345 load
2019-01-02 10:56:39 system kill
2019-01-02 10:57:35 system start
2019-01-02 10:57:38 system kill
2019-01-02 13:09:05 system start
2019-01-02 13:15:56 12345 load
2019-01-02 13:20:03 12345 load
2019-01-02 13:37:53 system start
2019-01-02 13:38:04 12345 load
2019-01-02 13:39:02 12345 add student 201803315 in file 12
2019-01-02 13:39:21 12345 change school ID 9 into 1 in file 9
2019-01-02 13:39:44 system kill
2019-01-02 13:40:26 system start
2019-01-02 13:40:31 12345 load
2019-01-02 13:41:06 12345  delete student 201803315 in file 11
2019-01-02 13:41:10 12345  delete student 12345678 in file 1
2019-01-02 13:41:17 12345 add student 0 in file 11
2019-01-02 13:41:23 12345 add student 0 in file 12
2019-01-02 13:41:32 12345  delete student 2 in file 2
2019-01-02 13:41:36 12345  delete student 3 in file 3
2019-01-02 13:41:38 12345  delete student 4 in file 4
2019-01-02 13:41:40 12345  delete student 5 in file 5
2019-01-02 13:41:42 12345  delete student 6 in file 6
2019-01-02 13:41:43 12345  delete student 7 in file 7
2019-01-02 13:41:45 12345  delete student 8 in file 8
2019-01-02 13:41:48 12345  delete student 1 in file 9
2019-01-02 13:41:50 12345  delete student 13 in file 10
2019-01-02 13:41:53 12345  delete student 2018 in file 11
2019-01-02 13:41:57 12345 add student 0 in file 12
2019-01-02 13:42:00 12345  delete student 1 in file 3
2019-01-02 13:42:01 12345  delete student 0 in file 11
2019-01-02 13:42:03 12345  delete student 0 in file 12
2019-01-02 13:42:08 12345 add student 1 in file 1
2019-01-02 13:42:58 12345 add student 20190304 in file 2
2019-01-02 13:43:15 12345 add student 1 in file 3
2019-01-02 13:43:20 12345 add student 2 in file 4
2019-01-02 13:43:26 12345 add student 124 in file 5
2019-01-02 13:43:30 12345 add student 234 in file 6
2019-01-02 13:43:36 12345 add student 345 in file 7
2019-01-02 13:43:41 12345 add student 667 in file 8
2019-01-02 13:43:47 12345 add student 345 in file 9
2019-01-02 13:44:13 system kill
2019-01-02 14:16:53 system start
2019-01-02 14:24:30 12345 load
2019-01-02 14:25:32 12345 change key
2019-01-02 14:30:11 12345 add student 20190307 in file 10
2019-01-02 14:31:47 12345 „ç¼–å?è¾“å…¥0é€€å‡?ï¼?into 120 in file 2
2019-01-02 14:41:55 system kill
2019-01-02 15:09:13 system start
2019-01-02 15:09:17 12345 load
2019-01-02 15:09:27 system kill
2019-01-02 15:11:53 system start
2019-01-02 15:11:58 12345 load
2019-01-02 15:12:02 12345 add 0 students
2019-01-02 15:14:23 system start
2019-01-02 15:14:28 12345 load
2019-01-02 15:14:31 12345  add 0 students
2019-01-02 15:14:51 12345  add 0 students
2019-01-02 15:15:10 system kill
2019-01-02 15:18:30 system start
2019-01-02 15:18:35 12345 load
2019-01-02 15:18:41 12345  add 0 students
2019-01-02 15:19:39 system start
2019-01-02 15:19:43 12345 load
2019-01-02 15:19:56 12345 add student 1 in file 1
2019-01-02 15:20:13 system start
2019-01-02 15:20:21 12345 load
2019-01-02 15:20:36 system kill
2019-01-02 15:32:52 system start
2019-01-02 15:35:33 system start
2019-01-02 15:35:37 12345 load
2019-01-02 15:35:41 12345  add 15 students
2019-01-02 15:36:17 12345  delete student 1 in file 1
2019-01-02 15:37:04 system kill
2019-01-02 15:38:28 system start
2019-01-02 15:38:36 12345 load
2019-01-02 15:38:39 12345  add 15 students
2019-01-02 15:39:08 system start
2019-01-02 15:39:12 12345 load
2019-01-02 15:39:18 12345  add 15 students
2019-01-02 15:50:29 system start
2019-01-02 15:51:28 system start
2019-01-02 15:51:32 12345 load
2019-01-02 15:51:37 12345  add 15 students
2019-01-02 16:00:40 system start
2019-01-02 16:00:44 12345 load
2019-01-02 16:00:55 12345  add 15 students
2019-01-02 16:02:25 1 was Register
2019-01-02 16:02:36 12345 change key
2019-01-02 16:04:03 system start
2019-01-02 16:04:09 1 load
2019-01-02 16:04:34 system start
2019-01-02 16:04:37 1 load
2019-01-02 16:05:49 1 add student 180304101 in file 16
2019-01-02 16:05:59 1  delete student 180304101 in file 16
2019-01-02 16:06:49 system start
2019-01-02 16:06:51 1 load
